<?xml version="1.0" encoding="UTF-8"?>
<testsuites>
    <testsuite name="force.apex" timestamp="2025-05-05T09:31:59.000Z" hostname="https://orgfarm-da81776627-dev-ed.develop.my.salesforce.com" tests="1" failures="0"  errors="0"  time="0.04">
        <properties>
            <property name="outcome" value="Successful"/>
            <property name="testsRan" value="1"/>
            <property name="passing" value="1"/>
            <property name="failing" value="0"/>
            <property name="skipped" value="0"/>
            <property name="passRate" value="100%"/>
            <property name="failRate" value="0%"/>
            <property name="testStartTime" value="Mon May 05 2025 12:31:59"/>
            <property name="testExecutionTime" value="0.04 s"/>
            <property name="testTotalTime" value="0.04 s"/>
            <property name="commandTime" value="0.47 s"/>
            <property name="hostname" value="https://orgfarm-da81776627-dev-ed.develop.my.salesforce.com"/>
            <property name="orgId" value="00DgK0000021BUvUAM"/>
            <property name="username" value="lenderpro3801@agentforce.com"/>
            <property name="testRunId" value="707gK000002k3d7"/>
            <property name="userId" value="005gK000001adYZQAY"/>
            <property name="coveredLines" value="8"/>
            <property name="testRunCoverage" value="89%"/>
            <property name="orgWideCoverage" value="8%"/>
        </properties>
        <testcase name="testController" classname="AgentforceHomepageControllerTest" time="0.04">
        </testcase>
    </testsuite>
</testsuites>
